Flow report for Ethernet
Wed Mar 27 20:39:01 2024
Quartus Prime Version 16.0.2 Build 222 07/20/2016 SJ Standard Edition


---------------------
; Table of Contents ;
---------------------
  1. Legal Notice
  2. Flow Summary
  3. Flow Settings
  4. Flow Non-Default Global Settings
  5. Flow Elapsed Time
  6. Flow OS Summary
  7. Flow Log
  8. Flow Messages
  9. Flow Suppressed Messages



----------------
; Legal Notice ;
----------------
Copyright (C) 1991-2016 Altera Corporation. All rights reserved.
Your use of Altera Corporation's design tools, logic functions 
and other software and tools, and its AMPP partner logic 
functions, and any output files from any of the foregoing 
(including device programming or simulation files), and any 
associated documentation or information are expressly subject 
to the terms and conditions of the Altera Program License 
Subscription Agreement, the Altera Quartus Prime License Agreement,
the Altera MegaCore Function License Agreement, or other 
applicable license agreement, including, without limitation, 
that your use is for the sole purpose of programming logic 
devices manufactured by Altera and sold by Altera or its 
authorized distributors.  Please refer to the applicable 
agreement for further details.



+--------------------------------------------------------------------------------------+
; Flow Summary                                                                         ;
+------------------------------------+-------------------------------------------------+
; Flow Status                        ; Flow Failed - Wed Mar 27 20:39:01 2024          ;
; Quartus Prime Version              ; 16.0.2 Build 222 07/20/2016 SJ Standard Edition ;
; Revision Name                      ; Ethernet                                        ;
; Top-level Entity Name              ; Ethernet                                        ;
; Family                             ; Cyclone IV E                                    ;
; Device                             ; EP4CE10F17C8                                    ;
; Timing Models                      ; Final                                           ;
; Total logic elements               ; N/A until Partition Merge                       ;
;     Total combinational functions  ; N/A until Partition Merge                       ;
;     Dedicated logic registers      ; N/A until Partition Merge                       ;
; Total registers                    ; N/A until Partition Merge                       ;
; Total pins                         ; N/A until Partition Merge                       ;
; Total virtual pins                 ; N/A until Partition Merge                       ;
; Total memory bits                  ; N/A until Partition Merge                       ;
; Embedded Multiplier 9-bit elements ; N/A until Partition Merge                       ;
; Total PLLs                         ; N/A until Partition Merge                       ;
+------------------------------------+-------------------------------------------------+


+-----------------------------------------+
; Flow Settings                           ;
+-------------------+---------------------+
; Option            ; Setting             ;
+-------------------+---------------------+
; Start date & time ; 03/27/2024 20:38:49 ;
; Main task         ; Compilation         ;
; Revision Name     ; Ethernet            ;
+-------------------+---------------------+


+-----------------------------------------------------------------------------------------------------------------------------------------------------------------------------------------------------------------------------------------------------------------------------------------------------------------------------------------+
; Flow Non-Default Global Settings                                                                                                                                                                                                                                                                                                        ;
+-------------------------------------+--------------------------------------------------------------------------------------------------------------------------------------------------------------------------------------------------------------------------------------------------+---------------+-------------+------------------+
; Assignment Name                     ; Value                                                                                                                                                                                                                                            ; Default Value ; Entity Name ; Section Id       ;
+-------------------------------------+--------------------------------------------------------------------------------------------------------------------------------------------------------------------------------------------------------------------------------------------------+---------------+-------------+------------------+
; COMPILER_SIGNATURE_ID               ; 277476065294255.171154312918760                                                                                                                                                                                                                  ; --            ; --          ; --               ;
; ENABLE_SIGNALTAP                    ; On                                                                                                                                                                                                                                               ; --            ; --          ; --               ;
; MAX_CORE_JUNCTION_TEMP              ; 85                                                                                                                                                                                                                                               ; --            ; --          ; --               ;
; MIN_CORE_JUNCTION_TEMP              ; 0                                                                                                                                                                                                                                                ; --            ; --          ; --               ;
; MISC_FILE                           ; Src/ram_bb.v                                                                                                                                                                                                                                     ; --            ; --          ; --               ;
; MISC_FILE                           ; nco-library/asj_altq.v                                                                                                                                                                                                                           ; --            ; --          ; --               ;
; MISC_FILE                           ; nco-library/asj_altqmcash.v                                                                                                                                                                                                                      ; --            ; --          ; --               ;
; MISC_FILE                           ; nco-library/asj_altqmcpipe.v                                                                                                                                                                                                                     ; --            ; --          ; --               ;
; MISC_FILE                           ; nco-library/asj_altqmcpipe_rst.v                                                                                                                                                                                                                 ; --            ; --          ; --               ;
; MISC_FILE                           ; nco-library/asj_crd.v                                                                                                                                                                                                                            ; --            ; --          ; --               ;
; MISC_FILE                           ; nco-library/asj_crs.v                                                                                                                                                                                                                            ; --            ; --          ; --               ;
; MISC_FILE                           ; nco-library/asj_dxx.v                                                                                                                                                                                                                            ; --            ; --          ; --               ;
; MISC_FILE                           ; nco-library/asj_dxx_g.v                                                                                                                                                                                                                          ; --            ; --          ; --               ;
; MISC_FILE                           ; nco-library/asj_gal.v                                                                                                                                                                                                                            ; --            ; --          ; --               ;
; MISC_FILE                           ; nco-library/asj_gam.v                                                                                                                                                                                                                            ; --            ; --          ; --               ;
; MISC_FILE                           ; nco-library/asj_gam_dp.v                                                                                                                                                                                                                         ; --            ; --          ; --               ;
; MISC_FILE                           ; nco-library/asj_gar.v                                                                                                                                                                                                                            ; --            ; --          ; --               ;
; MISC_FILE                           ; nco-library/asj_nco_aprid_dxx.v                                                                                                                                                                                                                  ; --            ; --          ; --               ;
; MISC_FILE                           ; nco-library/asj_nco_apr_dxx.v                                                                                                                                                                                                                    ; --            ; --          ; --               ;
; MISC_FILE                           ; nco-library/asj_nco_as_m.v                                                                                                                                                                                                                       ; --            ; --          ; --               ;
; MISC_FILE                           ; nco-library/asj_nco_as_m_cen.v                                                                                                                                                                                                                   ; --            ; --          ; --               ;
; MISC_FILE                           ; nco-library/asj_nco_as_m_dp.v                                                                                                                                                                                                                    ; --            ; --          ; --               ;
; MISC_FILE                           ; nco-library/asj_nco_as_m_dp_cen.v                                                                                                                                                                                                                ; --            ; --          ; --               ;
; MISC_FILE                           ; nco-library/asj_nco_d1gam.v                                                                                                                                                                                                                      ; --            ; --          ; --               ;
; MISC_FILE                           ; nco-library/asj_nco_derot.v                                                                                                                                                                                                                      ; --            ; --          ; --               ;
; MISC_FILE                           ; nco-library/asj_nco_fxx.v                                                                                                                                                                                                                        ; --            ; --          ; --               ;
; MISC_FILE                           ; nco-library/asj_nco_isdr.v                                                                                                                                                                                                                       ; --            ; --          ; --               ;
; MISC_FILE                           ; nco-library/asj_nco_isdr_mc.v                                                                                                                                                                                                                    ; --            ; --          ; --               ;
; MISC_FILE                           ; nco-library/asj_nco_isdr_throughput2.v                                                                                                                                                                                                           ; --            ; --          ; --               ;
; MISC_FILE                           ; nco-library/asj_nco_lp_m.v                                                                                                                                                                                                                       ; --            ; --          ; --               ;
; MISC_FILE                           ; nco-library/asj_nco_m.v                                                                                                                                                                                                                          ; --            ; --          ; --               ;
; MISC_FILE                           ; nco-library/asj_nco_madx.v                                                                                                                                                                                                                       ; --            ; --          ; --               ;
; MISC_FILE                           ; nco-library/asj_nco_madx_cen.v                                                                                                                                                                                                                   ; --            ; --          ; --               ;
; MISC_FILE                           ; nco-library/asj_nco_mady.v                                                                                                                                                                                                                       ; --            ; --          ; --               ;
; MISC_FILE                           ; nco-library/asj_nco_mady_cen.v                                                                                                                                                                                                                   ; --            ; --          ; --               ;
; MISC_FILE                           ; nco-library/asj_nco_mcin.v                                                                                                                                                                                                                       ; --            ; --          ; --               ;
; MISC_FILE                           ; nco-library/asj_nco_mciosel.v                                                                                                                                                                                                                    ; --            ; --          ; --               ;
; MISC_FILE                           ; nco-library/asj_nco_mcout.v                                                                                                                                                                                                                      ; --            ; --          ; --               ;
; MISC_FILE                           ; nco-library/asj_nco_mob_rw.v                                                                                                                                                                                                                     ; --            ; --          ; --               ;
; MISC_FILE                           ; nco-library/asj_nco_mob_sw.v                                                                                                                                                                                                                     ; --            ; --          ; --               ;
; MISC_FILE                           ; nco-library/asj_nco_mob_w.v                                                                                                                                                                                                                      ; --            ; --          ; --               ;
; MISC_FILE                           ; nco-library/asj_nco_pmd2.v                                                                                                                                                                                                                       ; --            ; --          ; --               ;
; MISC_FILE                           ; nco-library/asj_nco_pmd2gam.v                                                                                                                                                                                                                    ; --            ; --          ; --               ;
; MISC_FILE                           ; nco-library/asj_nco_pxx.v                                                                                                                                                                                                                        ; --            ; --          ; --               ;
; MISC_FILE                           ; nco-library/asj_xnqg.v                                                                                                                                                                                                                           ; --            ; --          ; --               ;
; MISC_FILE                           ; nco-library/auk_dspip_avalon_streaming_block_sink.vhd                                                                                                                                                                                            ; --            ; --          ; --               ;
; MISC_FILE                           ; nco-library/auk_dspip_avalon_streaming_block_sink_fftfprvs.vhd                                                                                                                                                                                   ; --            ; --          ; --               ;
; MISC_FILE                           ; nco-library/auk_dspip_avalon_streaming_block_source.vhd                                                                                                                                                                                          ; --            ; --          ; --               ;
; MISC_FILE                           ; nco-library/auk_dspip_avalon_streaming_controller.vhd                                                                                                                                                                                            ; --            ; --          ; --               ;
; MISC_FILE                           ; nco-library/auk_dspip_avalon_streaming_controller_pe.vhd                                                                                                                                                                                         ; --            ; --          ; --               ;
; MISC_FILE                           ; nco-library/auk_dspip_avalon_streaming_sink.vhd                                                                                                                                                                                                  ; --            ; --          ; --               ;
; MISC_FILE                           ; nco-library/auk_dspip_avalon_streaming_source.vhd                                                                                                                                                                                                ; --            ; --          ; --               ;
; MISC_FILE                           ; nco-library/auk_dspip_delay.vhd                                                                                                                                                                                                                  ; --            ; --          ; --               ;
; MISC_FILE                           ; nco-library/auk_dspip_lib_pkg.vhd                                                                                                                                                                                                                ; --            ; --          ; --               ;
; MISC_FILE                           ; nco-library/auk_dspip_math_pkg.vhd                                                                                                                                                                                                               ; --            ; --          ; --               ;
; MISC_FILE                           ; nco-library/auk_dspip_text_pkg.vhd                                                                                                                                                                                                               ; --            ; --          ; --               ;
; MISC_FILE                           ; nco-library/cordic_10_m.v                                                                                                                                                                                                                        ; --            ; --          ; --               ;
; MISC_FILE                           ; nco-library/cordic_11_m.v                                                                                                                                                                                                                        ; --            ; --          ; --               ;
; MISC_FILE                           ; nco-library/cordic_12_m.v                                                                                                                                                                                                                        ; --            ; --          ; --               ;
; MISC_FILE                           ; nco-library/cordic_13_m.v                                                                                                                                                                                                                        ; --            ; --          ; --               ;
; MISC_FILE                           ; nco-library/cordic_14_m.v                                                                                                                                                                                                                        ; --            ; --          ; --               ;
; MISC_FILE                           ; nco-library/cordic_15_m.v                                                                                                                                                                                                                        ; --            ; --          ; --               ;
; MISC_FILE                           ; nco-library/cordic_16_m.v                                                                                                                                                                                                                        ; --            ; --          ; --               ;
; MISC_FILE                           ; nco-library/cordic_17_m.v                                                                                                                                                                                                                        ; --            ; --          ; --               ;
; MISC_FILE                           ; nco-library/cordic_18_m.v                                                                                                                                                                                                                        ; --            ; --          ; --               ;
; MISC_FILE                           ; nco-library/cordic_19_m.v                                                                                                                                                                                                                        ; --            ; --          ; --               ;
; MISC_FILE                           ; nco-library/cordic_20_m.v                                                                                                                                                                                                                        ; --            ; --          ; --               ;
; MISC_FILE                           ; nco-library/cordic_21_m.v                                                                                                                                                                                                                        ; --            ; --          ; --               ;
; MISC_FILE                           ; nco-library/cordic_22_m.v                                                                                                                                                                                                                        ; --            ; --          ; --               ;
; MISC_FILE                           ; nco-library/cordic_23_m.v                                                                                                                                                                                                                        ; --            ; --          ; --               ;
; MISC_FILE                           ; nco-library/cordic_24_m.v                                                                                                                                                                                                                        ; --            ; --          ; --               ;
; MISC_FILE                           ; nco-library/cordic_25_m.v                                                                                                                                                                                                                        ; --            ; --          ; --               ;
; MISC_FILE                           ; nco-library/cordic_26_m.v                                                                                                                                                                                                                        ; --            ; --          ; --               ;
; MISC_FILE                           ; nco-library/cordic_27_m.v                                                                                                                                                                                                                        ; --            ; --          ; --               ;
; MISC_FILE                           ; nco-library/cordic_28_m.v                                                                                                                                                                                                                        ; --            ; --          ; --               ;
; MISC_FILE                           ; nco-library/cordic_29_m.v                                                                                                                                                                                                                        ; --            ; --          ; --               ;
; MISC_FILE                           ; nco-library/cordic_30_m.v                                                                                                                                                                                                                        ; --            ; --          ; --               ;
; MISC_FILE                           ; nco-library/cordic_31_m.v                                                                                                                                                                                                                        ; --            ; --          ; --               ;
; MISC_FILE                           ; nco-library/cordic_32_m.v                                                                                                                                                                                                                        ; --            ; --          ; --               ;
; MISC_FILE                           ; nco-library/cordic_3_m.v                                                                                                                                                                                                                         ; --            ; --          ; --               ;
; MISC_FILE                           ; nco-library/cordic_4_m.v                                                                                                                                                                                                                         ; --            ; --          ; --               ;
; MISC_FILE                           ; nco-library/cordic_5_m.v                                                                                                                                                                                                                         ; --            ; --          ; --               ;
; MISC_FILE                           ; nco-library/cordic_6_m.v                                                                                                                                                                                                                         ; --            ; --          ; --               ;
; MISC_FILE                           ; nco-library/cordic_7_m.v                                                                                                                                                                                                                         ; --            ; --          ; --               ;
; MISC_FILE                           ; nco-library/cordic_8_m.v                                                                                                                                                                                                                         ; --            ; --          ; --               ;
; MISC_FILE                           ; nco-library/cordic_9_m.v                                                                                                                                                                                                                         ; --            ; --          ; --               ;
; MISC_FILE                           ; nco-library/cordic_axor_0p_lpm.v                                                                                                                                                                                                                 ; --            ; --          ; --               ;
; MISC_FILE                           ; nco-library/cordic_axor_1p_lpm.v                                                                                                                                                                                                                 ; --            ; --          ; --               ;
; MISC_FILE                           ; nco-library/cordic_axor_2p_lpm.v                                                                                                                                                                                                                 ; --            ; --          ; --               ;
; MISC_FILE                           ; nco-library/cordic_axor_ser.v                                                                                                                                                                                                                    ; --            ; --          ; --               ;
; MISC_FILE                           ; nco-library/cordic_cnt.v                                                                                                                                                                                                                         ; --            ; --          ; --               ;
; MISC_FILE                           ; nco-library/cordic_cnt_sig.v                                                                                                                                                                                                                     ; --            ; --          ; --               ;
; MISC_FILE                           ; nco-library/cordic_reg_ser.v                                                                                                                                                                                                                     ; --            ; --          ; --               ;
; MISC_FILE                           ; nco-library/cordic_sxor_0p_lpm.v                                                                                                                                                                                                                 ; --            ; --          ; --               ;
; MISC_FILE                           ; nco-library/cordic_sxor_1p_lpm.v                                                                                                                                                                                                                 ; --            ; --          ; --               ;
; MISC_FILE                           ; nco-library/cordic_sxor_2p_lpm.v                                                                                                                                                                                                                 ; --            ; --          ; --               ;
; MISC_FILE                           ; nco-library/cordic_sxor_ser.v                                                                                                                                                                                                                    ; --            ; --          ; --               ;
; MISC_FILE                           ; nco-library/cordic_zxor_0p_lpm.v                                                                                                                                                                                                                 ; --            ; --          ; --               ;
; MISC_FILE                           ; nco-library/cordic_zxor_1p_lpm.v                                                                                                                                                                                                                 ; --            ; --          ; --               ;
; MISC_FILE                           ; nco-library/cordic_zxor_2p_lpm.v                                                                                                                                                                                                                 ; --            ; --          ; --               ;
; MISC_FILE                           ; nco-library/cordic_zxor_ser.v                                                                                                                                                                                                                    ; --            ; --          ; --               ;
; MISC_FILE                           ; nco-library/cord_2c.v                                                                                                                                                                                                                            ; --            ; --          ; --               ;
; MISC_FILE                           ; nco-library/cord_acc_ena.v                                                                                                                                                                                                                       ; --            ; --          ; --               ;
; MISC_FILE                           ; nco-library/cord_en.v                                                                                                                                                                                                                            ; --            ; --          ; --               ;
; MISC_FILE                           ; nco-library/cord_fs.v                                                                                                                                                                                                                            ; --            ; --          ; --               ;
; MISC_FILE                           ; nco-library/cord_init.v                                                                                                                                                                                                                          ; --            ; --          ; --               ;
; MISC_FILE                           ; nco-library/cord_init_pm.v                                                                                                                                                                                                                       ; --            ; --          ; --               ;
; MISC_FILE                           ; nco-library/cord_init_ser.v                                                                                                                                                                                                                      ; --            ; --          ; --               ;
; MISC_FILE                           ; nco-library/cord_init_ser_pm.v                                                                                                                                                                                                                   ; --            ; --          ; --               ;
; MISC_FILE                           ; nco-library/cord_lut.v                                                                                                                                                                                                                           ; --            ; --          ; --               ;
; MISC_FILE                           ; nco-library/cord_lut_1p.v                                                                                                                                                                                                                        ; --            ; --          ; --               ;
; MISC_FILE                           ; nco-library/cord_rot_dual.v                                                                                                                                                                                                                      ; --            ; --          ; --               ;
; MISC_FILE                           ; nco-library/cord_rot_sgl.v                                                                                                                                                                                                                       ; --            ; --          ; --               ;
; MISC_FILE                           ; nco-library/cord_seg_sel.v                                                                                                                                                                                                                       ; --            ; --          ; --               ;
; MISC_FILE                           ; nco-library/dop_reg.v                                                                                                                                                                                                                            ; --            ; --          ; --               ;
; MISC_FILE                           ; nco-library/freq_sel_st.v                                                                                                                                                                                                                        ; --            ; --          ; --               ;
; MISC_FILE                           ; nco-library/las.v                                                                                                                                                                                                                                ; --            ; --          ; --               ;
; MISC_FILE                           ; nco-library/lms.v                                                                                                                                                                                                                                ; --            ; --          ; --               ;
; MISC_FILE                           ; nco-library/lmsd.v                                                                                                                                                                                                                               ; --            ; --          ; --               ;
; MISC_FILE                           ; nco-library/mac_i_lpm.v                                                                                                                                                                                                                          ; --            ; --          ; --               ;
; MISC_FILE                           ; nco-library/mac_i_lpmd.v                                                                                                                                                                                                                         ; --            ; --          ; --               ;
; MISC_FILE                           ; nco-library/m_output_blk_reg.v                                                                                                                                                                                                                   ; --            ; --          ; --               ;
; MISC_FILE                           ; nco-library/m_output_blk_rw.v                                                                                                                                                                                                                    ; --            ; --          ; --               ;
; MISC_FILE                           ; nco-library/m_output_blk_w.v                                                                                                                                                                                                                     ; --            ; --          ; --               ;
; MISC_FILE                           ; nco-library/segment_arr_tdl.v                                                                                                                                                                                                                    ; --            ; --          ; --               ;
; MISC_FILE                           ; nco-library/segment_sel.v                                                                                                                                                                                                                        ; --            ; --          ; --               ;
; MISC_FILE                           ; nco-library/segment_sel_sgl.v                                                                                                                                                                                                                    ; --            ; --          ; --               ;
; MISC_FILE                           ; nco-library/sid_2c_1p.v                                                                                                                                                                                                                          ; --            ; --          ; --               ;
; MISC_FILE                           ; nco-library/sop_reg.v                                                                                                                                                                                                                            ; --            ; --          ; --               ;
; MISC_FILE                           ; NCO_ZSJ.v                                                                                                                                                                                                                                        ; --            ; --          ; --               ;
; MISC_FILE                           ; NCO_ZSJ_bb.v                                                                                                                                                                                                                                     ; --            ; --          ; --               ;
; MISC_FILE                           ; NCO_ZSJ.bsf                                                                                                                                                                                                                                      ; --            ; --          ; --               ;
; MISC_FILE                           ; NCO_ZSJ_st.v                                                                                                                                                                                                                                     ; --            ; --          ; --               ;
; MISC_FILE                           ; NCO_ZSJ.vo                                                                                                                                                                                                                                       ; --            ; --          ; --               ;
; MISC_FILE                           ; NCO_ZSJ_tb.v                                                                                                                                                                                                                                     ; --            ; --          ; --               ;
; MISC_FILE                           ; NCO_ZSJ_vo_msim.tcl                                                                                                                                                                                                                              ; --            ; --          ; --               ;
; MISC_FILE                           ; NCO_ZSJ_wave.do                                                                                                                                                                                                                                  ; --            ; --          ; --               ;
; MISC_FILE                           ; NCO_ZSJ_model.m                                                                                                                                                                                                                                  ; --            ; --          ; --               ;
; MISC_FILE                           ; NCO_ZSJ_tb.m                                                                                                                                                                                                                                     ; --            ; --          ; --               ;
; MISC_FILE                           ; NCO_ZSJ_sin_f.hex                                                                                                                                                                                                                                ; --            ; --          ; --               ;
; MISC_FILE                           ; NCO_ZSJ_cos_f.hex                                                                                                                                                                                                                                ; --            ; --          ; --               ;
; MISC_FILE                           ; NCO_ZSJ_sin_c.hex                                                                                                                                                                                                                                ; --            ; --          ; --               ;
; MISC_FILE                           ; NCO_ZSJ_cos_c.hex                                                                                                                                                                                                                                ; --            ; --          ; --               ;
; MISC_FILE                           ; NCO_ZSJ.vec                                                                                                                                                                                                                                      ; --            ; --          ; --               ;
; MISC_FILE                           ; NCO_ZSJ_nativelink.tcl                                                                                                                                                                                                                           ; --            ; --          ; --               ;
; MISC_FILE                           ; NCO_ZSJ.qip                                                                                                                                                                                                                                      ; --            ; --          ; --               ;
; MISC_FILE                           ; NCO_ZSJ.html                                                                                                                                                                                                                                     ; --            ; --          ; --               ;
; MISC_FILE                           ; Src/ip_core/pll/SCKI_inst.v                                                                                                                                                                                                                      ; --            ; --          ; --               ;
; MISC_FILE                           ; Src/ip_core/pll/SCKI_bb.v                                                                                                                                                                                                                        ; --            ; --          ; --               ;
; MISC_FILE                           ; Src/ip_core/pll/SCKI.ppf                                                                                                                                                                                                                         ; --            ; --          ; --               ;
; MISC_FILE                           ; pll_zsj_bb.v                                                                                                                                                                                                                                     ; --            ; --          ; --               ;
; MISC_FILE                           ; pll_zsj.ppf                                                                                                                                                                                                                                      ; --            ; --          ; --               ;
; OUTPUT_IO_TIMING_FAR_END_VMEAS      ; Half Signal Swing                                                                                                                                                                                                                                ; --            ; --          ; --               ;
; OUTPUT_IO_TIMING_FAR_END_VMEAS      ; Half Signal Swing                                                                                                                                                                                                                                ; --            ; --          ; --               ;
; OUTPUT_IO_TIMING_NEAR_END_VMEAS     ; Half Vccio                                                                                                                                                                                                                                       ; --            ; --          ; --               ;
; OUTPUT_IO_TIMING_NEAR_END_VMEAS     ; Half Vccio                                                                                                                                                                                                                                       ; --            ; --          ; --               ;
; PARTITION_COLOR                     ; 16764057                                                                                                                                                                                                                                         ; --            ; --          ; Top              ;
; PARTITION_FITTER_PRESERVATION_LEVEL ; PLACEMENT_AND_ROUTING                                                                                                                                                                                                                            ; --            ; --          ; Top              ;
; PARTITION_NETLIST_TYPE              ; SOURCE                                                                                                                                                                                                                                           ; --            ; --          ; Top              ;
; POWER_BOARD_THERMAL_MODEL           ; None (CONSERVATIVE)                                                                                                                                                                                                                              ; --            ; --          ; --               ;
; POWER_PRESET_COOLING_SOLUTION       ; 23 MM HEAT SINK WITH 200 LFPM AIRFLOW                                                                                                                                                                                                            ; --            ; --          ; --               ;
; SEARCH_PATH                         ; .                                                                                                                                                                                                                                                ; --            ; --          ; --               ;
; SEARCH_PATH                         ; nco-library                                                                                                                                                                                                                                      ; --            ; --          ; --               ;
; SLD_FILE                            ; db/stp1_auto_stripped.stp                                                                                                                                                                                                                        ; --            ; --          ; --               ;
; SLD_NODE_CREATOR_ID                 ; 110                                                                                                                                                                                                                                              ; --            ; --          ; auto_signaltap_0 ;
; SLD_NODE_ENTITY_NAME                ; sld_signaltap                                                                                                                                                                                                                                    ; --            ; --          ; auto_signaltap_0 ;
; SLD_NODE_PARAMETER_ASSIGNMENT       ; SLD_NODE_INFO=805334528                                                                                                                                                                                                                          ; --            ; --          ; auto_signaltap_0 ;
; SLD_NODE_PARAMETER_ASSIGNMENT       ; SLD_POWER_UP_TRIGGER=0                                                                                                                                                                                                                           ; --            ; --          ; auto_signaltap_0 ;
; SLD_NODE_PARAMETER_ASSIGNMENT       ; SLD_STORAGE_QUALIFIER_INVERSION_MASK_LENGTH=0                                                                                                                                                                                                    ; --            ; --          ; auto_signaltap_0 ;
; SLD_NODE_PARAMETER_ASSIGNMENT       ; SLD_ATTRIBUTE_MEM_MODE=OFF                                                                                                                                                                                                                       ; --            ; --          ; auto_signaltap_0 ;
; SLD_NODE_PARAMETER_ASSIGNMENT       ; SLD_STATE_FLOW_USE_GENERATED=0                                                                                                                                                                                                                   ; --            ; --          ; auto_signaltap_0 ;
; SLD_NODE_PARAMETER_ASSIGNMENT       ; SLD_STATE_BITS=11                                                                                                                                                                                                                                ; --            ; --          ; auto_signaltap_0 ;
; SLD_NODE_PARAMETER_ASSIGNMENT       ; SLD_BUFFER_FULL_STOP=1                                                                                                                                                                                                                           ; --            ; --          ; auto_signaltap_0 ;
; SLD_NODE_PARAMETER_ASSIGNMENT       ; SLD_CURRENT_RESOURCE_WIDTH=1                                                                                                                                                                                                                     ; --            ; --          ; auto_signaltap_0 ;
; SLD_NODE_PARAMETER_ASSIGNMENT       ; SLD_TRIGGER_LEVEL=1                                                                                                                                                                                                                              ; --            ; --          ; auto_signaltap_0 ;
; SLD_NODE_PARAMETER_ASSIGNMENT       ; SLD_TRIGGER_IN_ENABLED=0                                                                                                                                                                                                                         ; --            ; --          ; auto_signaltap_0 ;
; SLD_NODE_PARAMETER_ASSIGNMENT       ; SLD_ADVANCED_TRIGGER_ENTITY=basic,1,                                                                                                                                                                                                             ; --            ; --          ; auto_signaltap_0 ;
; SLD_NODE_PARAMETER_ASSIGNMENT       ; SLD_TRIGGER_LEVEL_PIPELINE=1                                                                                                                                                                                                                     ; --            ; --          ; auto_signaltap_0 ;
; SLD_NODE_PARAMETER_ASSIGNMENT       ; SLD_ENABLE_ADVANCED_TRIGGER=0                                                                                                                                                                                                                    ; --            ; --          ; auto_signaltap_0 ;
; SLD_NODE_PARAMETER_ASSIGNMENT       ; SLD_DATA_BITS=65                                                                                                                                                                                                                                 ; --            ; --          ; auto_signaltap_0 ;
; SLD_NODE_PARAMETER_ASSIGNMENT       ; SLD_TRIGGER_BITS=65                                                                                                                                                                                                                              ; --            ; --          ; auto_signaltap_0 ;
; SLD_NODE_PARAMETER_ASSIGNMENT       ; SLD_INVERSION_MASK=00000000000000000000000000000000000000000000000000000000000000000000000000000000000000000000000000000000000000000000000000000000000000000000000000000000000000000000000000000000000000000000000000000000000000000000000000000 ; --            ; --          ; auto_signaltap_0 ;
; SLD_NODE_PARAMETER_ASSIGNMENT       ; SLD_INVERSION_MASK_LENGTH=221                                                                                                                                                                                                                    ; --            ; --          ; auto_signaltap_0 ;
; SLD_NODE_PARAMETER_ASSIGNMENT       ; SLD_SEGMENT_SIZE=4096                                                                                                                                                                                                                            ; --            ; --          ; auto_signaltap_0 ;
; SLD_NODE_PARAMETER_ASSIGNMENT       ; SLD_SAMPLE_DEPTH=4096                                                                                                                                                                                                                            ; --            ; --          ; auto_signaltap_0 ;
; SLD_NODE_PARAMETER_ASSIGNMENT       ; SLD_RAM_BLOCK_TYPE=AUTO                                                                                                                                                                                                                          ; --            ; --          ; auto_signaltap_0 ;
; SLD_NODE_PARAMETER_ASSIGNMENT       ; SLD_STORAGE_QUALIFIER_BITS=65                                                                                                                                                                                                                    ; --            ; --          ; auto_signaltap_0 ;
; SLD_NODE_PARAMETER_ASSIGNMENT       ; SLD_INCREMENTAL_ROUTING=1                                                                                                                                                                                                                        ; --            ; --          ; auto_signaltap_0 ;
; SLD_NODE_PARAMETER_ASSIGNMENT       ; SLD_TRIGGER_PIPELINE=0                                                                                                                                                                                                                           ; --            ; --          ; auto_signaltap_0 ;
; SLD_NODE_PARAMETER_ASSIGNMENT       ; SLD_RAM_PIPELINE=0                                                                                                                                                                                                                               ; --            ; --          ; auto_signaltap_0 ;
; SLD_NODE_PARAMETER_ASSIGNMENT       ; SLD_COUNTER_PIPELINE=0                                                                                                                                                                                                                           ; --            ; --          ; auto_signaltap_0 ;
; USE_SIGNALTAP_FILE                  ; stp1.stp                                                                                                                                                                                                                                         ; --            ; --          ; --               ;
+-------------------------------------+--------------------------------------------------------------------------------------------------------------------------------------------------------------------------------------------------------------------------------------------------+---------------+-------------+------------------+


+--------------------------------------------------------------------------------------------------------------------------+
; Flow Elapsed Time                                                                                                        ;
+----------------------+--------------+-------------------------+---------------------+------------------------------------+
; Module Name          ; Elapsed Time ; Average Processors Used ; Peak Virtual Memory ; Total CPU Time (on all processors) ;
+----------------------+--------------+-------------------------+---------------------+------------------------------------+
; Analysis & Synthesis ; 00:00:13     ; 1.0                     ; 4961 MB             ; 00:00:05                           ;
; Total                ; 00:00:13     ; --                      ; --                  ; 00:00:05                           ;
+----------------------+--------------+-------------------------+---------------------+------------------------------------+


+-----------------------------------------------------------------------------------+
; Flow OS Summary                                                                   ;
+----------------------+------------------+-----------+------------+----------------+
; Module Name          ; Machine Hostname ; OS Name   ; OS Version ; Processor type ;
+----------------------+------------------+-----------+------------+----------------+
; Analysis & Synthesis ; LAPTOP-J6SOM6SP  ; Windows 8 ; 6.2        ; x86_64         ;
+----------------------+------------------+-----------+------------+----------------+


------------
; Flow Log ;
------------
quartus_map --read_settings_files=on --write_settings_files=off Ethernet -c Ethernet



