Flow report for Ethernet
Fri Apr 12 18:37:53 2024
Quartus II 64-Bit Version 13.1.0 Build 162 10/23/2013 SJ Full Version


---------------------
; Table of Contents ;
---------------------
  1. Legal Notice
  2. Flow Summary
  3. Flow Settings
  4. Flow Non-Default Global Settings
  5. Flow Elapsed Time
  6. Flow OS Summary
  7. Flow Log
  8. Flow Messages
  9. Flow Suppressed Messages



----------------
; Legal Notice ;
----------------
Copyright (C) 1991-2013 Altera Corporation
Your use of Altera Corporation's design tools, logic functions 
and other software and tools, and its AMPP partner logic 
functions, and any output files from any of the foregoing 
(including device programming or simulation files), and any 
associated documentation or information are expressly subject 
to the terms and conditions of the Altera Program License 
Subscription Agreement, Altera MegaCore Function License 
Agreement, or other applicable license agreement, including, 
without limitation, that your use is for the sole purpose of 
programming logic devices manufactured by Altera and sold by 
Altera or its authorized distributors.  Please refer to the 
applicable agreement for further details.



+----------------------------------------------------------------------------------+
; Flow Summary                                                                     ;
+------------------------------------+---------------------------------------------+
; Flow Status                        ; Successful - Fri Apr 12 18:37:50 2024       ;
; Quartus II 64-Bit Version          ; 13.1.0 Build 162 10/23/2013 SJ Full Version ;
; Revision Name                      ; Ethernet                                    ;
; Top-level Entity Name              ; Ethernet                                    ;
; Family                             ; Cyclone IV E                                ;
; Device                             ; EP4CE10F17C8                                ;
; Timing Models                      ; Final                                       ;
; Total logic elements               ; 1,806 / 10,320 ( 18 % )                     ;
;     Total combinational functions  ; 1,352 / 10,320 ( 13 % )                     ;
;     Dedicated logic registers      ; 1,176 / 10,320 ( 11 % )                     ;
; Total registers                    ; 1176                                        ;
; Total pins                         ; 28 / 180 ( 16 % )                           ;
; Total virtual pins                 ; 0                                           ;
; Total memory bits                  ; 23,552 / 423,936 ( 6 % )                    ;
; Embedded Multiplier 9-bit elements ; 8 / 46 ( 17 % )                             ;
; Total PLLs                         ; 0 / 2 ( 0 % )                               ;
+------------------------------------+---------------------------------------------+


+-----------------------------------------+
; Flow Settings                           ;
+-------------------+---------------------+
; Option            ; Setting             ;
+-------------------+---------------------+
; Start date & time ; 04/12/2024 18:37:32 ;
; Main task         ; Compilation         ;
; Revision Name     ; Ethernet            ;
+-------------------+---------------------+


+---------------------------------------------------------------------------------------------------------------------------------------------------------------------------------------------------------------------------------+
; Flow Non-Default Global Settings                                                                                                                                                                                                ;
+-------------------------------------+------------------------------------------------------------------------------------------------------------------------------------------+---------------+-------------+------------------+
; Assignment Name                     ; Value                                                                                                                                    ; Default Value ; Entity Name ; Section Id       ;
+-------------------------------------+------------------------------------------------------------------------------------------------------------------------------------------+---------------+-------------+------------------+
; COMPILER_SIGNATURE_ID               ; 158527624347751.171291825228720                                                                                                          ; --            ; --          ; --               ;
; ENABLE_SIGNALTAP                    ; On                                                                                                                                       ; --            ; --          ; --               ;
; IP_TOOL_NAME                        ; RAM: 2-PORT                                                                                                                              ; --            ; --          ; --               ;
; IP_TOOL_NAME                        ; NCO                                                                                                                                      ; --            ; --          ; --               ;
; IP_TOOL_VERSION                     ; 11.0                                                                                                                                     ; --            ; --          ; --               ;
; IP_TOOL_VERSION                     ; 13.1                                                                                                                                     ; --            ; --          ; --               ;
; MAX_CORE_JUNCTION_TEMP              ; 85                                                                                                                                       ; --            ; --          ; --               ;
; MIN_CORE_JUNCTION_TEMP              ; 0                                                                                                                                        ; --            ; --          ; --               ;
; MISC_FILE                           ; Src/ram_bb.v                                                                                                                             ; --            ; --          ; --               ;
; MISC_FILE                           ; nco-library/asj_altq.v                                                                                                                   ; --            ; --          ; --               ;
; MISC_FILE                           ; nco-library/asj_altqmcash.v                                                                                                              ; --            ; --          ; --               ;
; MISC_FILE                           ; nco-library/asj_altqmcpipe.v                                                                                                             ; --            ; --          ; --               ;
; MISC_FILE                           ; nco-library/asj_altqmcpipe_rst.v                                                                                                         ; --            ; --          ; --               ;
; MISC_FILE                           ; nco-library/asj_crd.v                                                                                                                    ; --            ; --          ; --               ;
; MISC_FILE                           ; nco-library/asj_crs.v                                                                                                                    ; --            ; --          ; --               ;
; MISC_FILE                           ; nco-library/asj_dxx.v                                                                                                                    ; --            ; --          ; --               ;
; MISC_FILE                           ; nco-library/asj_dxx_g.v                                                                                                                  ; --            ; --          ; --               ;
; MISC_FILE                           ; nco-library/asj_gal.v                                                                                                                    ; --            ; --          ; --               ;
; MISC_FILE                           ; nco-library/asj_gam.v                                                                                                                    ; --            ; --          ; --               ;
; MISC_FILE                           ; nco-library/asj_gam_dp.v                                                                                                                 ; --            ; --          ; --               ;
; MISC_FILE                           ; nco-library/asj_gar.v                                                                                                                    ; --            ; --          ; --               ;
; MISC_FILE                           ; nco-library/asj_nco_aprid_dxx.v                                                                                                          ; --            ; --          ; --               ;
; MISC_FILE                           ; nco-library/asj_nco_apr_dxx.v                                                                                                            ; --            ; --          ; --               ;
; MISC_FILE                           ; nco-library/asj_nco_as_m.v                                                                                                               ; --            ; --          ; --               ;
; MISC_FILE                           ; nco-library/asj_nco_as_m_cen.v                                                                                                           ; --            ; --          ; --               ;
; MISC_FILE                           ; nco-library/asj_nco_as_m_dp.v                                                                                                            ; --            ; --          ; --               ;
; MISC_FILE                           ; nco-library/asj_nco_as_m_dp_cen.v                                                                                                        ; --            ; --          ; --               ;
; MISC_FILE                           ; nco-library/asj_nco_d1gam.v                                                                                                              ; --            ; --          ; --               ;
; MISC_FILE                           ; nco-library/asj_nco_derot.v                                                                                                              ; --            ; --          ; --               ;
; MISC_FILE                           ; nco-library/asj_nco_fxx.v                                                                                                                ; --            ; --          ; --               ;
; MISC_FILE                           ; nco-library/asj_nco_isdr.v                                                                                                               ; --            ; --          ; --               ;
; MISC_FILE                           ; nco-library/asj_nco_isdr_mc.v                                                                                                            ; --            ; --          ; --               ;
; MISC_FILE                           ; nco-library/asj_nco_isdr_throughput2.v                                                                                                   ; --            ; --          ; --               ;
; MISC_FILE                           ; nco-library/asj_nco_lp_m.v                                                                                                               ; --            ; --          ; --               ;
; MISC_FILE                           ; nco-library/asj_nco_m.v                                                                                                                  ; --            ; --          ; --               ;
; MISC_FILE                           ; nco-library/asj_nco_madx.v                                                                                                               ; --            ; --          ; --               ;
; MISC_FILE                           ; nco-library/asj_nco_madx_cen.v                                                                                                           ; --            ; --          ; --               ;
; MISC_FILE                           ; nco-library/asj_nco_mady.v                                                                                                               ; --            ; --          ; --               ;
; MISC_FILE                           ; nco-library/asj_nco_mady_cen.v                                                                                                           ; --            ; --          ; --               ;
; MISC_FILE                           ; nco-library/asj_nco_mcin.v                                                                                                               ; --            ; --          ; --               ;
; MISC_FILE                           ; nco-library/asj_nco_mciosel.v                                                                                                            ; --            ; --          ; --               ;
; MISC_FILE                           ; nco-library/asj_nco_mcout.v                                                                                                              ; --            ; --          ; --               ;
; MISC_FILE                           ; nco-library/asj_nco_mob_rw.v                                                                                                             ; --            ; --          ; --               ;
; MISC_FILE                           ; nco-library/asj_nco_mob_sw.v                                                                                                             ; --            ; --          ; --               ;
; MISC_FILE                           ; nco-library/asj_nco_mob_w.v                                                                                                              ; --            ; --          ; --               ;
; MISC_FILE                           ; nco-library/asj_nco_pmd2.v                                                                                                               ; --            ; --          ; --               ;
; MISC_FILE                           ; nco-library/asj_nco_pmd2gam.v                                                                                                            ; --            ; --          ; --               ;
; MISC_FILE                           ; nco-library/asj_nco_pxx.v                                                                                                                ; --            ; --          ; --               ;
; MISC_FILE                           ; nco-library/asj_xnqg.v                                                                                                                   ; --            ; --          ; --               ;
; MISC_FILE                           ; nco-library/auk_dspip_avalon_streaming_block_sink.vhd                                                                                    ; --            ; --          ; --               ;
; MISC_FILE                           ; nco-library/auk_dspip_avalon_streaming_block_sink_fftfprvs.vhd                                                                           ; --            ; --          ; --               ;
; MISC_FILE                           ; nco-library/auk_dspip_avalon_streaming_block_source.vhd                                                                                  ; --            ; --          ; --               ;
; MISC_FILE                           ; nco-library/auk_dspip_avalon_streaming_controller.vhd                                                                                    ; --            ; --          ; --               ;
; MISC_FILE                           ; nco-library/auk_dspip_avalon_streaming_controller_pe.vhd                                                                                 ; --            ; --          ; --               ;
; MISC_FILE                           ; nco-library/auk_dspip_avalon_streaming_sink.vhd                                                                                          ; --            ; --          ; --               ;
; MISC_FILE                           ; nco-library/auk_dspip_avalon_streaming_source.vhd                                                                                        ; --            ; --          ; --               ;
; MISC_FILE                           ; nco-library/auk_dspip_delay.vhd                                                                                                          ; --            ; --          ; --               ;
; MISC_FILE                           ; nco-library/auk_dspip_lib_pkg.vhd                                                                                                        ; --            ; --          ; --               ;
; MISC_FILE                           ; nco-library/auk_dspip_math_pkg.vhd                                                                                                       ; --            ; --          ; --               ;
; MISC_FILE                           ; nco-library/auk_dspip_text_pkg.vhd                                                                                                       ; --            ; --          ; --               ;
; MISC_FILE                           ; nco-library/cordic_10_m.v                                                                                                                ; --            ; --          ; --               ;
; MISC_FILE                           ; nco-library/cordic_11_m.v                                                                                                                ; --            ; --          ; --               ;
; MISC_FILE                           ; nco-library/cordic_12_m.v                                                                                                                ; --            ; --          ; --               ;
; MISC_FILE                           ; nco-library/cordic_13_m.v                                                                                                                ; --            ; --          ; --               ;
; MISC_FILE                           ; nco-library/cordic_14_m.v                                                                                                                ; --            ; --          ; --               ;
; MISC_FILE                           ; nco-library/cordic_15_m.v                                                                                                                ; --            ; --          ; --               ;
; MISC_FILE                           ; nco-library/cordic_16_m.v                                                                                                                ; --            ; --          ; --               ;
; MISC_FILE                           ; nco-library/cordic_17_m.v                                                                                                                ; --            ; --          ; --               ;
; MISC_FILE                           ; nco-library/cordic_18_m.v                                                                                                                ; --            ; --          ; --               ;
; MISC_FILE                           ; nco-library/cordic_19_m.v                                                                                                                ; --            ; --          ; --               ;
; MISC_FILE                           ; nco-library/cordic_20_m.v                                                                                                                ; --            ; --          ; --               ;
; MISC_FILE                           ; nco-library/cordic_21_m.v                                                                                                                ; --            ; --          ; --               ;
; MISC_FILE                           ; nco-library/cordic_22_m.v                                                                                                                ; --            ; --          ; --               ;
; MISC_FILE                           ; nco-library/cordic_23_m.v                                                                                                                ; --            ; --          ; --               ;
; MISC_FILE                           ; nco-library/cordic_24_m.v                                                                                                                ; --            ; --          ; --               ;
; MISC_FILE                           ; nco-library/cordic_25_m.v                                                                                                                ; --            ; --          ; --               ;
; MISC_FILE                           ; nco-library/cordic_26_m.v                                                                                                                ; --            ; --          ; --               ;
; MISC_FILE                           ; nco-library/cordic_27_m.v                                                                                                                ; --            ; --          ; --               ;
; MISC_FILE                           ; nco-library/cordic_28_m.v                                                                                                                ; --            ; --          ; --               ;
; MISC_FILE                           ; nco-library/cordic_29_m.v                                                                                                                ; --            ; --          ; --               ;
; MISC_FILE                           ; nco-library/cordic_30_m.v                                                                                                                ; --            ; --          ; --               ;
; MISC_FILE                           ; nco-library/cordic_31_m.v                                                                                                                ; --            ; --          ; --               ;
; MISC_FILE                           ; nco-library/cordic_32_m.v                                                                                                                ; --            ; --          ; --               ;
; MISC_FILE                           ; nco-library/cordic_3_m.v                                                                                                                 ; --            ; --          ; --               ;
; MISC_FILE                           ; nco-library/cordic_4_m.v                                                                                                                 ; --            ; --          ; --               ;
; MISC_FILE                           ; nco-library/cordic_5_m.v                                                                                                                 ; --            ; --          ; --               ;
; MISC_FILE                           ; nco-library/cordic_6_m.v                                                                                                                 ; --            ; --          ; --               ;
; MISC_FILE                           ; nco-library/cordic_7_m.v                                                                                                                 ; --            ; --          ; --               ;
; MISC_FILE                           ; nco-library/cordic_8_m.v                                                                                                                 ; --            ; --          ; --               ;
; MISC_FILE                           ; nco-library/cordic_9_m.v                                                                                                                 ; --            ; --          ; --               ;
; MISC_FILE                           ; nco-library/cordic_axor_0p_lpm.v                                                                                                         ; --            ; --          ; --               ;
; MISC_FILE                           ; nco-library/cordic_axor_1p_lpm.v                                                                                                         ; --            ; --          ; --               ;
; MISC_FILE                           ; nco-library/cordic_axor_2p_lpm.v                                                                                                         ; --            ; --          ; --               ;
; MISC_FILE                           ; nco-library/cordic_axor_ser.v                                                                                                            ; --            ; --          ; --               ;
; MISC_FILE                           ; nco-library/cordic_cnt.v                                                                                                                 ; --            ; --          ; --               ;
; MISC_FILE                           ; nco-library/cordic_cnt_sig.v                                                                                                             ; --            ; --          ; --               ;
; MISC_FILE                           ; nco-library/cordic_reg_ser.v                                                                                                             ; --            ; --          ; --               ;
; MISC_FILE                           ; nco-library/cordic_sxor_0p_lpm.v                                                                                                         ; --            ; --          ; --               ;
; MISC_FILE                           ; nco-library/cordic_sxor_1p_lpm.v                                                                                                         ; --            ; --          ; --               ;
; MISC_FILE                           ; nco-library/cordic_sxor_2p_lpm.v                                                                                                         ; --            ; --          ; --               ;
; MISC_FILE                           ; nco-library/cordic_sxor_ser.v                                                                                                            ; --            ; --          ; --               ;
; MISC_FILE                           ; nco-library/cordic_zxor_0p_lpm.v                                                                                                         ; --            ; --          ; --               ;
; MISC_FILE                           ; nco-library/cordic_zxor_1p_lpm.v                                                                                                         ; --            ; --          ; --               ;
; MISC_FILE                           ; nco-library/cordic_zxor_2p_lpm.v                                                                                                         ; --            ; --          ; --               ;
; MISC_FILE                           ; nco-library/cordic_zxor_ser.v                                                                                                            ; --            ; --          ; --               ;
; MISC_FILE                           ; nco-library/cord_2c.v                                                                                                                    ; --            ; --          ; --               ;
; MISC_FILE                           ; nco-library/cord_acc_ena.v                                                                                                               ; --            ; --          ; --               ;
; MISC_FILE                           ; nco-library/cord_en.v                                                                                                                    ; --            ; --          ; --               ;
; MISC_FILE                           ; nco-library/cord_fs.v                                                                                                                    ; --            ; --          ; --               ;
; MISC_FILE                           ; nco-library/cord_init.v                                                                                                                  ; --            ; --          ; --               ;
; MISC_FILE                           ; nco-library/cord_init_pm.v                                                                                                               ; --            ; --          ; --               ;
; MISC_FILE                           ; nco-library/cord_init_ser.v                                                                                                              ; --            ; --          ; --               ;
; MISC_FILE                           ; nco-library/cord_init_ser_pm.v                                                                                                           ; --            ; --          ; --               ;
; MISC_FILE                           ; nco-library/cord_lut.v                                                                                                                   ; --            ; --          ; --               ;
; MISC_FILE                           ; nco-library/cord_lut_1p.v                                                                                                                ; --            ; --          ; --               ;
; MISC_FILE                           ; nco-library/cord_rot_dual.v                                                                                                              ; --            ; --          ; --               ;
; MISC_FILE                           ; nco-library/cord_rot_sgl.v                                                                                                               ; --            ; --          ; --               ;
; MISC_FILE                           ; nco-library/cord_seg_sel.v                                                                                                               ; --            ; --          ; --               ;
; MISC_FILE                           ; nco-library/dop_reg.v                                                                                                                    ; --            ; --          ; --               ;
; MISC_FILE                           ; nco-library/freq_sel_st.v                                                                                                                ; --            ; --          ; --               ;
; MISC_FILE                           ; nco-library/las.v                                                                                                                        ; --            ; --          ; --               ;
; MISC_FILE                           ; nco-library/lms.v                                                                                                                        ; --            ; --          ; --               ;
; MISC_FILE                           ; nco-library/lmsd.v                                                                                                                       ; --            ; --          ; --               ;
; MISC_FILE                           ; nco-library/mac_i_lpm.v                                                                                                                  ; --            ; --          ; --               ;
; MISC_FILE                           ; nco-library/mac_i_lpmd.v                                                                                                                 ; --            ; --          ; --               ;
; MISC_FILE                           ; nco-library/m_output_blk_reg.v                                                                                                           ; --            ; --          ; --               ;
; MISC_FILE                           ; nco-library/m_output_blk_rw.v                                                                                                            ; --            ; --          ; --               ;
; MISC_FILE                           ; nco-library/m_output_blk_w.v                                                                                                             ; --            ; --          ; --               ;
; MISC_FILE                           ; nco-library/segment_arr_tdl.v                                                                                                            ; --            ; --          ; --               ;
; MISC_FILE                           ; nco-library/segment_sel.v                                                                                                                ; --            ; --          ; --               ;
; MISC_FILE                           ; nco-library/segment_sel_sgl.v                                                                                                            ; --            ; --          ; --               ;
; MISC_FILE                           ; nco-library/sid_2c_1p.v                                                                                                                  ; --            ; --          ; --               ;
; MISC_FILE                           ; nco-library/sop_reg.v                                                                                                                    ; --            ; --          ; --               ;
; MISC_FILE                           ; nco_ip.v                                                                                                                                 ; --            ; --          ; --               ;
; MISC_FILE                           ; nco_ip_bb.v                                                                                                                              ; --            ; --          ; --               ;
; MISC_FILE                           ; nco_ip.bsf                                                                                                                               ; --            ; --          ; --               ;
; MISC_FILE                           ; nco_ip.vo                                                                                                                                ; --            ; --          ; --               ;
; MISC_FILE                           ; nco_ip_st.v                                                                                                                              ; --            ; --          ; --               ;
; MISC_FILE                           ; nco_ip_tb.v                                                                                                                              ; --            ; --          ; --               ;
; MISC_FILE                           ; nco_ip_vo_msim.tcl                                                                                                                       ; --            ; --          ; --               ;
; MISC_FILE                           ; nco_ip_wave.do                                                                                                                           ; --            ; --          ; --               ;
; MISC_FILE                           ; nco_ip_model.m                                                                                                                           ; --            ; --          ; --               ;
; MISC_FILE                           ; nco_ip_tb.m                                                                                                                              ; --            ; --          ; --               ;
; MISC_FILE                           ; nco_ip_sin_f.hex                                                                                                                         ; --            ; --          ; --               ;
; MISC_FILE                           ; nco_ip_cos_f.hex                                                                                                                         ; --            ; --          ; --               ;
; MISC_FILE                           ; nco_ip_sin_c.hex                                                                                                                         ; --            ; --          ; --               ;
; MISC_FILE                           ; nco_ip_cos_c.hex                                                                                                                         ; --            ; --          ; --               ;
; MISC_FILE                           ; nco_ip.vec                                                                                                                               ; --            ; --          ; --               ;
; MISC_FILE                           ; nco_ip_nativelink.tcl                                                                                                                    ; --            ; --          ; --               ;
; MISC_FILE                           ; nco_ip.qip                                                                                                                               ; --            ; --          ; --               ;
; MISC_FILE                           ; nco_ip.html                                                                                                                              ; --            ; --          ; --               ;
; OUTPUT_IO_TIMING_FAR_END_VMEAS      ; Half Signal Swing                                                                                                                        ; --            ; --          ; --               ;
; OUTPUT_IO_TIMING_FAR_END_VMEAS      ; Half Signal Swing                                                                                                                        ; --            ; --          ; --               ;
; OUTPUT_IO_TIMING_NEAR_END_VMEAS     ; Half Vccio                                                                                                                               ; --            ; --          ; --               ;
; OUTPUT_IO_TIMING_NEAR_END_VMEAS     ; Half Vccio                                                                                                                               ; --            ; --          ; --               ;
; PARTITION_COLOR                     ; 16764057                                                                                                                                 ; --            ; --          ; Top              ;
; PARTITION_FITTER_PRESERVATION_LEVEL ; PLACEMENT_AND_ROUTING                                                                                                                    ; --            ; --          ; Top              ;
; PARTITION_NETLIST_TYPE              ; SOURCE                                                                                                                                   ; --            ; --          ; Top              ;
; SEARCH_PATH                         ; .                                                                                                                                        ; --            ; --          ; --               ;
; SEARCH_PATH                         ; nco-library                                                                                                                              ; --            ; --          ; --               ;
; SLD_FILE                            ; db/stp1_auto_stripped.stp                                                                                                                ; --            ; --          ; --               ;
; SLD_NODE_CREATOR_ID                 ; 110                                                                                                                                      ; --            ; --          ; auto_signaltap_0 ;
; SLD_NODE_ENTITY_NAME                ; sld_signaltap                                                                                                                            ; --            ; --          ; auto_signaltap_0 ;
; SLD_NODE_PARAMETER_ASSIGNMENT       ; SLD_RAM_BLOCK_TYPE=AUTO                                                                                                                  ; --            ; --          ; auto_signaltap_0 ;
; SLD_NODE_PARAMETER_ASSIGNMENT       ; SLD_DATA_BITS=32                                                                                                                         ; --            ; --          ; auto_signaltap_0 ;
; SLD_NODE_PARAMETER_ASSIGNMENT       ; SLD_TRIGGER_BITS=32                                                                                                                      ; --            ; --          ; auto_signaltap_0 ;
; SLD_NODE_PARAMETER_ASSIGNMENT       ; SLD_NODE_INFO=805334528                                                                                                                  ; --            ; --          ; auto_signaltap_0 ;
; SLD_NODE_PARAMETER_ASSIGNMENT       ; SLD_POWER_UP_TRIGGER=0                                                                                                                   ; --            ; --          ; auto_signaltap_0 ;
; SLD_NODE_PARAMETER_ASSIGNMENT       ; SLD_INVERSION_MASK=000000000000000000000000000000000000000000000000000000000000000000000000000000000000000000000000000000000000000000000 ; --            ; --          ; auto_signaltap_0 ;
; SLD_NODE_PARAMETER_ASSIGNMENT       ; SLD_INVERSION_MASK_LENGTH=117                                                                                                            ; --            ; --          ; auto_signaltap_0 ;
; SLD_NODE_PARAMETER_ASSIGNMENT       ; SLD_STORAGE_QUALIFIER_INVERSION_MASK_LENGTH=0                                                                                            ; --            ; --          ; auto_signaltap_0 ;
; SLD_NODE_PARAMETER_ASSIGNMENT       ; SLD_SEGMENT_SIZE=128                                                                                                                     ; --            ; --          ; auto_signaltap_0 ;
; SLD_NODE_PARAMETER_ASSIGNMENT       ; SLD_ATTRIBUTE_MEM_MODE=OFF                                                                                                               ; --            ; --          ; auto_signaltap_0 ;
; SLD_NODE_PARAMETER_ASSIGNMENT       ; SLD_STATE_FLOW_USE_GENERATED=0                                                                                                           ; --            ; --          ; auto_signaltap_0 ;
; SLD_NODE_PARAMETER_ASSIGNMENT       ; SLD_STATE_BITS=11                                                                                                                        ; --            ; --          ; auto_signaltap_0 ;
; SLD_NODE_PARAMETER_ASSIGNMENT       ; SLD_BUFFER_FULL_STOP=1                                                                                                                   ; --            ; --          ; auto_signaltap_0 ;
; SLD_NODE_PARAMETER_ASSIGNMENT       ; SLD_CURRENT_RESOURCE_WIDTH=1                                                                                                             ; --            ; --          ; auto_signaltap_0 ;
; SLD_NODE_PARAMETER_ASSIGNMENT       ; SLD_NODE_CRC_LOWORD=47239                                                                                                                ; --            ; --          ; auto_signaltap_0 ;
; SLD_NODE_PARAMETER_ASSIGNMENT       ; SLD_NODE_CRC_HIWORD=2477                                                                                                                 ; --            ; --          ; auto_signaltap_0 ;
; SLD_NODE_PARAMETER_ASSIGNMENT       ; SLD_TRIGGER_LEVEL=1                                                                                                                      ; --            ; --          ; auto_signaltap_0 ;
; SLD_NODE_PARAMETER_ASSIGNMENT       ; SLD_SAMPLE_DEPTH=128                                                                                                                     ; --            ; --          ; auto_signaltap_0 ;
; SLD_NODE_PARAMETER_ASSIGNMENT       ; SLD_TRIGGER_IN_ENABLED=0                                                                                                                 ; --            ; --          ; auto_signaltap_0 ;
; SLD_NODE_PARAMETER_ASSIGNMENT       ; SLD_ADVANCED_TRIGGER_ENTITY=basic,1,                                                                                                     ; --            ; --          ; auto_signaltap_0 ;
; SLD_NODE_PARAMETER_ASSIGNMENT       ; SLD_TRIGGER_LEVEL_PIPELINE=1                                                                                                             ; --            ; --          ; auto_signaltap_0 ;
; SLD_NODE_PARAMETER_ASSIGNMENT       ; SLD_ENABLE_ADVANCED_TRIGGER=0                                                                                                            ; --            ; --          ; auto_signaltap_0 ;
; USE_SIGNALTAP_FILE                  ; stp1.stp                                                                                                                                 ; --            ; --          ; --               ;
+-------------------------------------+------------------------------------------------------------------------------------------------------------------------------------------+---------------+-------------+------------------+


+-------------------------------------------------------------------------------------------------------------------------------+
; Flow Elapsed Time                                                                                                             ;
+---------------------------+--------------+-------------------------+---------------------+------------------------------------+
; Module Name               ; Elapsed Time ; Average Processors Used ; Peak Virtual Memory ; Total CPU Time (on all processors) ;
+---------------------------+--------------+-------------------------+---------------------+------------------------------------+
; Analysis & Synthesis      ; 00:00:05     ; 1.0                     ; 4776 MB             ; 00:00:05                           ;
; Fitter                    ; 00:00:08     ; 3.3                     ; 6180 MB             ; 00:00:06                           ;
; Assembler                 ; 00:00:01     ; 1.0                     ; 4592 MB             ; 00:00:01                           ;
; TimeQuest Timing Analyzer ; 00:00:02     ; 1.0                     ; 4846 MB             ; 00:00:02                           ;
; Total                     ; 00:00:16     ; --                      ; --                  ; 00:00:14                           ;
+---------------------------+--------------+-------------------------+---------------------+------------------------------------+


+----------------------------------------------------------------------------------------+
; Flow OS Summary                                                                        ;
+---------------------------+------------------+-----------+------------+----------------+
; Module Name               ; Machine Hostname ; OS Name   ; OS Version ; Processor type ;
+---------------------------+------------------+-----------+------------+----------------+
; Analysis & Synthesis      ; LAPTOP-9FAROBI4  ; Windows 7 ; 6.2        ; x86_64         ;
; Fitter                    ; LAPTOP-9FAROBI4  ; Windows 7 ; 6.2        ; x86_64         ;
; Assembler                 ; LAPTOP-9FAROBI4  ; Windows 7 ; 6.2        ; x86_64         ;
; TimeQuest Timing Analyzer ; LAPTOP-9FAROBI4  ; Windows 7 ; 6.2        ; x86_64         ;
+---------------------------+------------------+-----------+------------+----------------+


------------
; Flow Log ;
------------
quartus_map --read_settings_files=on --write_settings_files=off Ethernet -c Ethernet
quartus_fit --read_settings_files=off --write_settings_files=off Ethernet -c Ethernet
quartus_asm --read_settings_files=off --write_settings_files=off Ethernet -c Ethernet
quartus_sta Ethernet -c Ethernet



